# Command Link Raw Data Recording Started: 2025-06-29 14:26:20.437251
# Port: COM4, Baudrate: 115200
# Format: [timestamp] [hex_data]
--------------------------------------------------------------------------------
[2025-06-29 14:26:21.843] 7E 7E 18 28 40 00 03 D4 5F 53 92 AB A3 BD AB 02 00 FC 0F 00 DA 00 00 21 86 34 00 7F
[2025-06-29 14:26:23.850] 7E 7E 18 28 40 00 FF D3 5F 53 9F AB A3 BD AA 02 00 FC 0F 00 DD 00 00 F1 8D 34 00 7F
[2025-06-29 14:26:24.754] 7E 7E 02 38 5A 7F
[2025-06-29 14:26:25.860] 7E 7E 18 28 40 00 05 D4 5F 53 81 AB A3 BD AA 02 00 FC 0F 00 DC 00 00 C1 95 34 00 7F
[2025-06-29 14:26:27.868] 7E 7E 18 28 40 00 05 D4 5F 53 7B AB A3 BD AA 02 00 FC 0F 00 DC 00 00 91 9D 34 00 7F
[2025-06-29 14:26:29.878] 7E 7E 18 28 40 00 07 D4 5F 53 85 AB A3 BD A9 02 00 FC 0F 00 DC 00 00 61 A5 34 00 7F
[2025-06-29 14:26:31.787] 7E 7E 02 38 5A 7F
[2025-06-29 14:26:31.888] 7E 7E 18 28 40 00 0D D4 5F 53 90 AB A3 BD A9 02 00 FC 0F 00 DD 00 00 31 AD 34 00 7F
[2025-06-29 14:26:33.897] 7E 7E 18 28 40 00 13 D4 5F 53 9D AB A3 BD A8 02 00 FC 0F 00 DC 00 00 01 B5 34 00 7F
[2025-06-29 14:26:35.907] 7E 7E 18 28 40 00 29 D4 5F 53 8D AB A3 BD A7 02 00 FC 0F 00 DB 00 00 D1 BC 34 00 7F
[2025-06-29 14:26:37.916] 7E 7E 18 28 40 00 2D D4 5F 53 93 AB A3 BD A7 02 00 FC 0F 00 DB 00 00 A1 C4 34 00 7F
[2025-06-29 14:26:38.822] 7E 7E 02 38 5A 7F
[2025-06-29 14:26:39.826] 7E 7E 18 28 40 00 3B D4 5F 53 73 AB A3 BD A7 02 00 FC 0F 00 DC 00 00 71 CC 34 00 7F
[2025-06-29 14:26:41.836] 7E 7E 18 28 40 00 45 D4 5F 53 8B AB A3 BD A6 02 00 FC 0F 00 DA 00 00 41 D4 34 00 7F
[2025-06-29 14:26:43.843] 7E 7E 18 28 40 00 49 D4 5F 53 87 AB A3 BD A7 02 00 FC 0F 00 DB 00 00 11 DC 34 00 7F
[2025-06-29 14:26:45.851] 7E 7E 02 38 5A 7F 7E 7E 18 28 40 00 51 D4 5F 53 86 AB A3 BD A7 02 00 FC 0F 00 DB 00 00 E1 E3 34 00 7F
[2025-06-29 14:26:47.860] 7E 7E 18 28 40 00 5F D4 5F 53 92 AB A3 BD A7 02 00 FC 0F 00 DD 00 00 B1 EB 34 00 7F
[2025-06-29 14:26:49.870] 7E 7E 18 28 40 00 6B D4 5F 53 83 AB A3 BD A7 02 00 FC 0F 00 DB 00 00 81 F3 34 00 7F
[2025-06-29 14:26:51.879] 7E 7E 18 28 40 00 79 D4 5F 53 73 AB A3 BD A6 02 00 FC 0F 00 DA 00 00 51 FB 34 00 7F
[2025-06-29 14:26:52.785] 7E 7E 02 38 5A 7F
[2025-06-29 14:26:53.891] 7E 7E 18 28 40 00 85 D4 5F 53 9A AB A3 BD A7 02 01 FC FF 3F DA 00 00 21 03 35 00 7F
[2025-06-29 14:26:55.901] 7E 7E 18 28 40 00 87 D4 5F 53 94 AB A3 BD A7 02 00 FC FF 3F DC 00 00 F1 0A 35 00 7F
[2025-06-29 14:26:57.909] 7E 7E 18 28 40 00 7D D4 5F 53 75 AB A3 BD A7 02 00 FC FF 3F DB 00 00 C1 12 35 00 7F
[2025-06-29 14:26:59.716] 7E 7E 02 38 5A 7F
[2025-06-29 14:26:59.919] 7E 7E 18 28 40 00 7F D4 5F 53 67 AB A3 BD A7 02 00 FC FF 3F DA 00 00 91 1A 35 00 7F
[2025-06-29 14:27:01.926] 7E 7E 18 28 40 00 81 D4 5F 53 63 AB A3 BD A7 02 00 FC FF 3F DA 00 00 61 22 35 00 7F
[2025-06-29 14:27:03.934] 7E 7E 18 28 40 00 83 D4 5F 53 63 AB A3 BD A7 02 00 FC FF 3F DD 00 00 31 2A 35 00 7F
[2025-06-29 14:27:05.943] 7E 7E 18 28 40 00 89 D4 5F 53 48 AB A3 BD A7 02 00 FC FF 3F DD 00 00 01 32 35 00 7F
[2025-06-29 14:27:06.747] 7E 7E 02 38 5A 7F
[2025-06-29 14:27:07.854] 7E 7E 18 28 40 00 89 D4 5F 53 4A AB A3 BD A7 02 00 FC FF 3F DB 00 00 D1 39 35 00 7F
[2025-06-29 14:27:09.862] 7E 7E 18 28 40 00 87 D4 5F 53 4B AB A3 BD A7 02 00 FC FF 3F DB 00 00 A1 41 35 00 7F
[2025-06-29 14:27:11.870] 7E 7E 18 28 40 00 89 D4 5F 53 1C AB A3 BD A7 02 00 FC FF 3F DD 00 00 76 49 35 00 7F
[2025-06-29 14:27:13.779] 7E 7E 02 38 5A 7F
[2025-06-29 14:27:13.880] 7E 7E 18 28 40 00 81 D4 5F 53 0D AB A3 BD A8 02 00 FC FF 3F DA 00 00 46 51 35 00 7F
[2025-06-29 14:27:15.893] 7E 7E 18 28 40 00 7F D4 5F 53 F6 AA A3 BD A8 02 00 FC FF 3F DB 00 00 16 59 35 00 7F
[2025-06-29 14:27:17.902] 7E 7E 18 28 40 00 81 D4 5F 53 F5 AA A3 BD A8 02 00 FC FF 3F DB 00 00 E1 60 35 00 7F

# Monitoring stopped: 2025-06-29 14:27:20.511643
